mode: atomic
github.com/ff3300/aleph-v2/internal/tools/osint/osint.go:42.38,46.2 3 5
github.com/ff3300/aleph-v2/internal/tools/osint/osint.go:49.87,50.14 1 4
github.com/ff3300/aleph-v2/internal/tools/osint/osint.go:50.14,52.3 1 1
github.com/ff3300/aleph-v2/internal/tools/osint/osint.go:54.2,55.49 2 3
github.com/ff3300/aleph-v2/internal/tools/osint/osint.go:55.49,57.3 1 0
github.com/ff3300/aleph-v2/internal/tools/osint/osint.go:59.2,60.16 2 3
github.com/ff3300/aleph-v2/internal/tools/osint/osint.go:60.16,62.3 1 0
github.com/ff3300/aleph-v2/internal/tools/osint/osint.go:63.2,66.16 3 3
github.com/ff3300/aleph-v2/internal/tools/osint/osint.go:66.16,69.3 1 0
github.com/ff3300/aleph-v2/internal/tools/osint/osint.go:70.2,87.64 3 3
github.com/ff3300/aleph-v2/internal/tools/osint/osint.go:87.64,90.3 1 0
github.com/ff3300/aleph-v2/internal/tools/osint/osint.go:92.2,96.26 2 3
github.com/ff3300/aleph-v2/internal/tools/osint/osint.go:96.26,101.3 4 2
github.com/ff3300/aleph-v2/internal/tools/osint/osint.go:103.2,115.20 12 1
github.com/ff3300/aleph-v2/internal/tools/osint/osint.go:119.86,123.64 2 5
github.com/ff3300/aleph-v2/internal/tools/osint/osint.go:123.64,125.3 1 1
github.com/ff3300/aleph-v2/internal/tools/osint/osint.go:126.2,126.19 1 4
github.com/ff3300/aleph-v2/internal/tools/osint/osint.go:126.19,128.3 1 3
github.com/ff3300/aleph-v2/internal/tools/osint/osint.go:129.2,130.16 2 1
github.com/ff3300/aleph-v2/internal/tools/osint/osint.go:130.16,132.3 1 0
github.com/ff3300/aleph-v2/internal/tools/osint/osint.go:133.2,134.16 2 1
github.com/ff3300/aleph-v2/internal/tools/osint/osint.go:134.16,136.3 1 0
github.com/ff3300/aleph-v2/internal/tools/osint/osint.go:137.2,137.25 1 1
github.com/ff3300/aleph-v2/internal/tools/osint/osint.go:141.80,152.2 1 0
github.com/ff3300/aleph-v2/internal/tools/osint/osint.go:170.48,172.2 1 5
github.com/ff3300/aleph-v2/internal/tools/osint/osint.go:175.102,176.18 1 6
github.com/ff3300/aleph-v2/internal/tools/osint/osint.go:176.18,178.3 1 1
github.com/ff3300/aleph-v2/internal/tools/osint/osint.go:180.2,188.16 4 5
github.com/ff3300/aleph-v2/internal/tools/osint/osint.go:188.16,191.3 2 2
github.com/ff3300/aleph-v2/internal/tools/osint/osint.go:192.2,196.16 3 3
github.com/ff3300/aleph-v2/internal/tools/osint/osint.go:196.16,197.32 1 1
github.com/ff3300/aleph-v2/internal/tools/osint/osint.go:197.32,199.4 1 1
github.com/ff3300/aleph-v2/internal/tools/osint/osint.go:203.2,204.16 2 3
github.com/ff3300/aleph-v2/internal/tools/osint/osint.go:204.16,206.3 1 1
github.com/ff3300/aleph-v2/internal/tools/osint/osint.go:208.2,208.20 1 3
github.com/ff3300/aleph-v2/internal/tools/osint/osint.go:212.91,216.64 2 4
github.com/ff3300/aleph-v2/internal/tools/osint/osint.go:216.64,218.3 1 1
github.com/ff3300/aleph-v2/internal/tools/osint/osint.go:219.2,219.23 1 3
github.com/ff3300/aleph-v2/internal/tools/osint/osint.go:219.23,221.3 1 2
github.com/ff3300/aleph-v2/internal/tools/osint/osint.go:222.2,223.16 2 1
github.com/ff3300/aleph-v2/internal/tools/osint/osint.go:223.16,225.3 1 0
github.com/ff3300/aleph-v2/internal/tools/osint/osint.go:226.2,227.16 2 1
github.com/ff3300/aleph-v2/internal/tools/osint/osint.go:227.16,229.3 1 0
github.com/ff3300/aleph-v2/internal/tools/osint/osint.go:230.2,230.25 1 1
github.com/ff3300/aleph-v2/internal/tools/osint/osint.go:234.85,245.2 1 0
github.com/ff3300/aleph-v2/internal/tools/osint/osint.go:264.44,266.2 1 3
github.com/ff3300/aleph-v2/internal/tools/osint/osint.go:269.91,270.18 1 5
github.com/ff3300/aleph-v2/internal/tools/osint/osint.go:270.18,272.3 1 1
github.com/ff3300/aleph-v2/internal/tools/osint/osint.go:274.2,278.16 3 4
github.com/ff3300/aleph-v2/internal/tools/osint/osint.go:278.16,283.3 1 1
github.com/ff3300/aleph-v2/internal/tools/osint/osint.go:286.2,287.16 2 3
github.com/ff3300/aleph-v2/internal/tools/osint/osint.go:287.16,292.3 1 0
github.com/ff3300/aleph-v2/internal/tools/osint/osint.go:294.2,301.8 1 3
github.com/ff3300/aleph-v2/internal/tools/osint/osint.go:305.86,310.16 4 4
github.com/ff3300/aleph-v2/internal/tools/osint/osint.go:310.16,312.3 1 0
github.com/ff3300/aleph-v2/internal/tools/osint/osint.go:313.2,315.74 2 4
github.com/ff3300/aleph-v2/internal/tools/osint/osint.go:315.74,317.3 1 0
github.com/ff3300/aleph-v2/internal/tools/osint/osint.go:320.2,320.60 1 4
github.com/ff3300/aleph-v2/internal/tools/osint/osint.go:320.60,322.3 1 0
github.com/ff3300/aleph-v2/internal/tools/osint/osint.go:325.2,328.21 4 4
github.com/ff3300/aleph-v2/internal/tools/osint/osint.go:328.21,330.3 1 172
github.com/ff3300/aleph-v2/internal/tools/osint/osint.go:331.2,331.38 1 4
github.com/ff3300/aleph-v2/internal/tools/osint/osint.go:331.38,333.3 1 0
github.com/ff3300/aleph-v2/internal/tools/osint/osint.go:336.2,336.37 1 4
github.com/ff3300/aleph-v2/internal/tools/osint/osint.go:336.37,339.41 3 147
github.com/ff3300/aleph-v2/internal/tools/osint/osint.go:339.41,342.23 2 3
github.com/ff3300/aleph-v2/internal/tools/osint/osint.go:342.23,344.21 2 3
github.com/ff3300/aleph-v2/internal/tools/osint/osint.go:344.21,346.6 1 3
github.com/ff3300/aleph-v2/internal/tools/osint/osint.go:351.2,351.81 1 1
github.com/ff3300/aleph-v2/internal/tools/osint/osint.go:355.105,358.39 2 3
github.com/ff3300/aleph-v2/internal/tools/osint/osint.go:358.39,360.3 1 3
github.com/ff3300/aleph-v2/internal/tools/osint/osint.go:362.2,364.16 3 3
github.com/ff3300/aleph-v2/internal/tools/osint/osint.go:364.16,366.3 1 0
github.com/ff3300/aleph-v2/internal/tools/osint/osint.go:367.2,369.74 2 3
github.com/ff3300/aleph-v2/internal/tools/osint/osint.go:369.74,371.3 1 0
github.com/ff3300/aleph-v2/internal/tools/osint/osint.go:373.2,373.63 1 3
github.com/ff3300/aleph-v2/internal/tools/osint/osint.go:373.63,375.3 1 0
github.com/ff3300/aleph-v2/internal/tools/osint/osint.go:378.2,382.21 5 3
github.com/ff3300/aleph-v2/internal/tools/osint/osint.go:382.21,384.3 1 137
github.com/ff3300/aleph-v2/internal/tools/osint/osint.go:385.2,385.38 1 3
github.com/ff3300/aleph-v2/internal/tools/osint/osint.go:385.38,387.3 1 0
github.com/ff3300/aleph-v2/internal/tools/osint/osint.go:389.2,392.28 3 3
github.com/ff3300/aleph-v2/internal/tools/osint/osint.go:396.89,400.64 2 4
github.com/ff3300/aleph-v2/internal/tools/osint/osint.go:400.64,402.3 1 1
github.com/ff3300/aleph-v2/internal/tools/osint/osint.go:403.2,403.23 1 3
github.com/ff3300/aleph-v2/internal/tools/osint/osint.go:403.23,405.3 1 2
github.com/ff3300/aleph-v2/internal/tools/osint/osint.go:406.2,407.16 2 1
github.com/ff3300/aleph-v2/internal/tools/osint/osint.go:407.16,409.3 1 0
github.com/ff3300/aleph-v2/internal/tools/osint/osint.go:410.2,411.16 2 1
github.com/ff3300/aleph-v2/internal/tools/osint/osint.go:411.16,413.3 1 0
github.com/ff3300/aleph-v2/internal/tools/osint/osint.go:414.2,414.25 1 1
github.com/ff3300/aleph-v2/internal/tools/osint/osint.go:418.83,429.2 1 0
github.com/ff3300/aleph-v2/internal/tools/osint/osint.go:448.54,450.2 1 5
github.com/ff3300/aleph-v2/internal/tools/osint/osint.go:454.97,455.14 1 13
github.com/ff3300/aleph-v2/internal/tools/osint/osint.go:455.14,457.3 1 1
github.com/ff3300/aleph-v2/internal/tools/osint/osint.go:459.2,466.21 3 12
github.com/ff3300/aleph-v2/internal/tools/osint/osint.go:466.21,470.3 3 1
github.com/ff3300/aleph-v2/internal/tools/osint/osint.go:473.2,473.27 1 11
github.com/ff3300/aleph-v2/internal/tools/osint/osint.go:473.27,479.3 5 2
github.com/ff3300/aleph-v2/internal/tools/osint/osint.go:482.2,482.25 1 9
github.com/ff3300/aleph-v2/internal/tools/osint/osint.go:482.25,488.3 5 4
github.com/ff3300/aleph-v2/internal/tools/osint/osint.go:491.2,491.35 1 5
github.com/ff3300/aleph-v2/internal/tools/osint/osint.go:491.35,496.3 4 1
github.com/ff3300/aleph-v2/internal/tools/osint/osint.go:499.2,499.28 1 4
github.com/ff3300/aleph-v2/internal/tools/osint/osint.go:499.28,503.3 3 1
github.com/ff3300/aleph-v2/internal/tools/osint/osint.go:506.2,509.20 3 3
github.com/ff3300/aleph-v2/internal/tools/osint/osint.go:513.32,524.16 3 9
github.com/ff3300/aleph-v2/internal/tools/osint/osint.go:524.16,526.3 1 2
github.com/ff3300/aleph-v2/internal/tools/osint/osint.go:528.2,528.34 1 7
github.com/ff3300/aleph-v2/internal/tools/osint/osint.go:528.34,529.83 1 16
github.com/ff3300/aleph-v2/internal/tools/osint/osint.go:529.83,531.4 1 4
github.com/ff3300/aleph-v2/internal/tools/osint/osint.go:533.2,533.14 1 3
github.com/ff3300/aleph-v2/internal/tools/osint/osint.go:536.36,537.30 1 30
github.com/ff3300/aleph-v2/internal/tools/osint/osint.go:537.30,538.18 1 91
github.com/ff3300/aleph-v2/internal/tools/osint/osint.go:538.18,540.4 1 10
github.com/ff3300/aleph-v2/internal/tools/osint/osint.go:541.3,541.18 1 81
github.com/ff3300/aleph-v2/internal/tools/osint/osint.go:541.18,543.4 1 19
github.com/ff3300/aleph-v2/internal/tools/osint/osint.go:545.2,545.10 1 1
github.com/ff3300/aleph-v2/internal/tools/osint/osint.go:549.94,553.64 2 4
github.com/ff3300/aleph-v2/internal/tools/osint/osint.go:553.64,555.3 1 1
github.com/ff3300/aleph-v2/internal/tools/osint/osint.go:556.2,556.19 1 3
github.com/ff3300/aleph-v2/internal/tools/osint/osint.go:556.19,558.3 1 2
github.com/ff3300/aleph-v2/internal/tools/osint/osint.go:559.2,560.16 2 1
github.com/ff3300/aleph-v2/internal/tools/osint/osint.go:560.16,562.3 1 0
github.com/ff3300/aleph-v2/internal/tools/osint/osint.go:563.2,564.16 2 1
github.com/ff3300/aleph-v2/internal/tools/osint/osint.go:564.16,566.3 1 0
github.com/ff3300/aleph-v2/internal/tools/osint/osint.go:567.2,567.25 1 1
github.com/ff3300/aleph-v2/internal/tools/osint/osint.go:571.88,582.2 1 0
github.com/ff3300/aleph-v2/internal/tools/osint/osint.go:588.39,590.21 2 20
github.com/ff3300/aleph-v2/internal/tools/osint/osint.go:590.21,592.3 1 6
github.com/ff3300/aleph-v2/internal/tools/osint/osint.go:593.2,593.28 1 14
github.com/ff3300/aleph-v2/internal/tools/osint/osint_correlation_alerts.go:37.76,39.2 1 3
github.com/ff3300/aleph-v2/internal/tools/osint/osint_correlation_alerts.go:41.114,42.23 1 3
github.com/ff3300/aleph-v2/internal/tools/osint/osint_correlation_alerts.go:42.23,44.3 1 1
github.com/ff3300/aleph-v2/internal/tools/osint/osint_correlation_alerts.go:45.2,45.48 1 2
github.com/ff3300/aleph-v2/internal/tools/osint/osint_correlation_alerts.go:49.95,53.64 2 4
github.com/ff3300/aleph-v2/internal/tools/osint/osint_correlation_alerts.go:53.64,55.3 1 1
github.com/ff3300/aleph-v2/internal/tools/osint/osint_correlation_alerts.go:56.2,56.28 1 3
github.com/ff3300/aleph-v2/internal/tools/osint/osint_correlation_alerts.go:56.28,58.3 1 2
github.com/ff3300/aleph-v2/internal/tools/osint/osint_correlation_alerts.go:59.2,60.16 2 1
github.com/ff3300/aleph-v2/internal/tools/osint/osint_correlation_alerts.go:60.16,62.3 1 0
github.com/ff3300/aleph-v2/internal/tools/osint/osint_correlation_alerts.go:63.2,64.16 2 1
github.com/ff3300/aleph-v2/internal/tools/osint/osint_correlation_alerts.go:64.16,66.3 1 0
github.com/ff3300/aleph-v2/internal/tools/osint/osint_correlation_alerts.go:67.2,67.25 1 1
github.com/ff3300/aleph-v2/internal/tools/osint/osint_correlation_alerts.go:70.89,81.2 1 0
github.com/ff3300/aleph-v2/internal/tools/osint/osint_correlation_alerts.go:87.73,89.28 2 2
github.com/ff3300/aleph-v2/internal/tools/osint/osint_correlation_alerts.go:89.28,90.12 1 4
github.com/ff3300/aleph-v2/internal/tools/osint/osint_correlation_alerts.go:90.12,92.4 1 2
github.com/ff3300/aleph-v2/internal/tools/osint/osint_correlation_alerts.go:93.3,93.14 1 4
github.com/ff3300/aleph-v2/internal/tools/osint/osint_correlation_alerts.go:95.2,101.33 5 2
github.com/ff3300/aleph-v2/internal/tools/osint/osint_correlation_alerts.go:101.33,105.34 3 4
github.com/ff3300/aleph-v2/internal/tools/osint/osint_correlation_alerts.go:105.34,113.4 1 13
github.com/ff3300/aleph-v2/internal/tools/osint/osint_correlation_alerts.go:115.3,124.4 2 4
github.com/ff3300/aleph-v2/internal/tools/osint/osint_correlation_alerts.go:127.2,132.3 1 2
github.com/ff3300/aleph-v2/internal/tools/osint/osint_flight_tracking.go:32.70,34.2 1 3
github.com/ff3300/aleph-v2/internal/tools/osint/osint_flight_tracking.go:37.110,38.24 1 4
github.com/ff3300/aleph-v2/internal/tools/osint/osint_flight_tracking.go:38.24,40.3 1 1
github.com/ff3300/aleph-v2/internal/tools/osint/osint_flight_tracking.go:41.2,41.46 1 3
github.com/ff3300/aleph-v2/internal/tools/osint/osint_flight_tracking.go:45.92,49.64 2 2
github.com/ff3300/aleph-v2/internal/tools/osint/osint_flight_tracking.go:49.64,51.3 1 0
github.com/ff3300/aleph-v2/internal/tools/osint/osint_flight_tracking.go:52.2,52.29 1 2
github.com/ff3300/aleph-v2/internal/tools/osint/osint_flight_tracking.go:52.29,54.3 1 1
github.com/ff3300/aleph-v2/internal/tools/osint/osint_flight_tracking.go:55.2,56.16 2 1
github.com/ff3300/aleph-v2/internal/tools/osint/osint_flight_tracking.go:56.16,58.3 1 0
github.com/ff3300/aleph-v2/internal/tools/osint/osint_flight_tracking.go:59.2,60.16 2 1
github.com/ff3300/aleph-v2/internal/tools/osint/osint_flight_tracking.go:60.16,62.3 1 0
github.com/ff3300/aleph-v2/internal/tools/osint/osint_flight_tracking.go:63.2,63.25 1 1
github.com/ff3300/aleph-v2/internal/tools/osint/osint_flight_tracking.go:66.86,77.2 1 0
github.com/ff3300/aleph-v2/internal/tools/osint/osint_flight_tracking.go:90.69,96.21 5 3
github.com/ff3300/aleph-v2/internal/tools/osint/osint_flight_tracking.go:96.21,98.3 1 1
github.com/ff3300/aleph-v2/internal/tools/osint/osint_flight_tracking.go:100.2,118.3 6 3
github.com/ff3300/aleph-v2/internal/tools/osint/osint_region_dossier.go:31.68,33.2 1 3
github.com/ff3300/aleph-v2/internal/tools/osint/osint_region_dossier.go:37.107,38.20 1 3
github.com/ff3300/aleph-v2/internal/tools/osint/osint_region_dossier.go:38.20,40.3 1 1
github.com/ff3300/aleph-v2/internal/tools/osint/osint_region_dossier.go:41.2,50.8 2 2
github.com/ff3300/aleph-v2/internal/tools/osint/osint_region_dossier.go:54.91,58.64 2 4
github.com/ff3300/aleph-v2/internal/tools/osint/osint_region_dossier.go:58.64,60.3 1 1
github.com/ff3300/aleph-v2/internal/tools/osint/osint_region_dossier.go:61.2,61.25 1 3
github.com/ff3300/aleph-v2/internal/tools/osint/osint_region_dossier.go:61.25,63.3 1 2
github.com/ff3300/aleph-v2/internal/tools/osint/osint_region_dossier.go:64.2,65.16 2 1
github.com/ff3300/aleph-v2/internal/tools/osint/osint_region_dossier.go:65.16,67.3 1 0
github.com/ff3300/aleph-v2/internal/tools/osint/osint_region_dossier.go:68.2,69.16 2 1
github.com/ff3300/aleph-v2/internal/tools/osint/osint_region_dossier.go:69.16,71.3 1 0
github.com/ff3300/aleph-v2/internal/tools/osint/osint_region_dossier.go:72.2,72.25 1 1
github.com/ff3300/aleph-v2/internal/tools/osint/osint_region_dossier.go:75.85,86.2 1 0
github.com/ff3300/aleph-v2/internal/tools/osint/osint_region_dossier.go:88.59,110.2 7 2
github.com/ff3300/aleph-v2/internal/tools/osint/osint_region_dossier.go:112.41,120.31 2 5
github.com/ff3300/aleph-v2/internal/tools/osint/osint_region_dossier.go:120.31,122.3 1 4
github.com/ff3300/aleph-v2/internal/tools/osint/osint_region_dossier.go:123.2,123.23 1 1
github.com/ff3300/aleph-v2/internal/tools/osint/osint_region_dossier.go:126.34,130.2 3 33
github.com/ff3300/aleph-v2/internal/tools/osint/osint_region_dossier.go:132.46,133.13 1 7
github.com/ff3300/aleph-v2/internal/tools/osint/osint_region_dossier.go:133.13,135.3 1 2
github.com/ff3300/aleph-v2/internal/tools/osint/osint_region_dossier.go:136.2,136.13 1 5
github.com/ff3300/aleph-v2/internal/tools/osint/osint_region_dossier.go:136.13,138.3 1 2
github.com/ff3300/aleph-v2/internal/tools/osint/osint_region_dossier.go:139.2,139.10 1 3
github.com/ff3300/aleph-v2/internal/tools/osint/osint_region_dossier.go:144.38,147.2 2 4
github.com/ff3300/aleph-v2/internal/tools/osint/osint_threat_level.go:28.64,30.2 1 3
github.com/ff3300/aleph-v2/internal/tools/osint/osint_threat_level.go:33.102,34.18 1 6
github.com/ff3300/aleph-v2/internal/tools/osint/osint_threat_level.go:34.18,36.3 1 1
github.com/ff3300/aleph-v2/internal/tools/osint/osint_threat_level.go:37.2,37.46 1 5
github.com/ff3300/aleph-v2/internal/tools/osint/osint_threat_level.go:41.89,45.64 2 2
github.com/ff3300/aleph-v2/internal/tools/osint/osint_threat_level.go:45.64,47.3 1 0
github.com/ff3300/aleph-v2/internal/tools/osint/osint_threat_level.go:48.2,48.23 1 2
github.com/ff3300/aleph-v2/internal/tools/osint/osint_threat_level.go:48.23,50.3 1 1
github.com/ff3300/aleph-v2/internal/tools/osint/osint_threat_level.go:51.2,52.16 2 1
github.com/ff3300/aleph-v2/internal/tools/osint/osint_threat_level.go:52.16,54.3 1 0
github.com/ff3300/aleph-v2/internal/tools/osint/osint_threat_level.go:55.2,56.16 2 1
github.com/ff3300/aleph-v2/internal/tools/osint/osint_threat_level.go:56.16,58.3 1 0
github.com/ff3300/aleph-v2/internal/tools/osint/osint_threat_level.go:59.2,59.25 1 1
github.com/ff3300/aleph-v2/internal/tools/osint/osint_threat_level.go:62.83,73.2 1 0
github.com/ff3300/aleph-v2/internal/tools/osint/osint_threat_level.go:77.69,104.2 9 5
github.com/ff3300/aleph-v2/internal/tools/osint/osint_vessel_tracking.go:30.70,32.2 1 3
github.com/ff3300/aleph-v2/internal/tools/osint/osint_vessel_tracking.go:35.102,36.16 1 5
github.com/ff3300/aleph-v2/internal/tools/osint/osint_vessel_tracking.go:36.16,38.3 1 1
github.com/ff3300/aleph-v2/internal/tools/osint/osint_vessel_tracking.go:39.2,39.38 1 4
github.com/ff3300/aleph-v2/internal/tools/osint/osint_vessel_tracking.go:43.92,47.64 2 2
github.com/ff3300/aleph-v2/internal/tools/osint/osint_vessel_tracking.go:47.64,49.3 1 0
github.com/ff3300/aleph-v2/internal/tools/osint/osint_vessel_tracking.go:50.2,50.21 1 2
github.com/ff3300/aleph-v2/internal/tools/osint/osint_vessel_tracking.go:50.21,52.3 1 1
github.com/ff3300/aleph-v2/internal/tools/osint/osint_vessel_tracking.go:53.2,54.16 2 1
github.com/ff3300/aleph-v2/internal/tools/osint/osint_vessel_tracking.go:54.16,56.3 1 0
github.com/ff3300/aleph-v2/internal/tools/osint/osint_vessel_tracking.go:57.2,58.16 2 1
github.com/ff3300/aleph-v2/internal/tools/osint/osint_vessel_tracking.go:58.16,60.3 1 0
github.com/ff3300/aleph-v2/internal/tools/osint/osint_vessel_tracking.go:61.2,61.25 1 1
github.com/ff3300/aleph-v2/internal/tools/osint/osint_vessel_tracking.go:64.86,75.2 1 0
github.com/ff3300/aleph-v2/internal/tools/osint/osint_vessel_tracking.go:82.61,104.2 9 4
github.com/ff3300/aleph-v2/internal/tools/osint/osint_vessel_tracking.go:106.50,108.32 2 41
github.com/ff3300/aleph-v2/internal/tools/osint/osint_vessel_tracking.go:108.32,110.3 1 93
github.com/ff3300/aleph-v2/internal/tools/osint/osint_vessel_tracking.go:111.2,111.38 1 41
github.com/ff3300/aleph-v2/internal/tools/osint/package.go:10.3,24.2 1 1
github.com/ff3300/aleph-v2/internal/tools/osint/shadowbroker.go:36.72,38.16 2 17
github.com/ff3300/aleph-v2/internal/tools/osint/shadowbroker.go:38.16,40.3 1 1
github.com/ff3300/aleph-v2/internal/tools/osint/shadowbroker.go:41.2,44.8 1 16
github.com/ff3300/aleph-v2/internal/tools/osint/shadowbroker.go:47.59,48.30 1 112
github.com/ff3300/aleph-v2/internal/tools/osint/shadowbroker.go:48.30,50.3 1 1
github.com/ff3300/aleph-v2/internal/tools/osint/shadowbroker.go:51.2,54.47 4 111
github.com/ff3300/aleph-v2/internal/tools/osint/shadowbroker.go:54.47,55.9 1 5
github.com/ff3300/aleph-v2/internal/tools/osint/shadowbroker.go:55.9,57.4 1 2
github.com/ff3300/aleph-v2/internal/tools/osint/shadowbroker.go:58.3,58.20 1 5
github.com/ff3300/aleph-v2/internal/tools/osint/shadowbroker.go:60.2,60.26 1 106
github.com/ff3300/aleph-v2/internal/tools/osint/shadowbroker.go:63.58,64.30 1 110
github.com/ff3300/aleph-v2/internal/tools/osint/shadowbroker.go:64.30,66.3 1 1
github.com/ff3300/aleph-v2/internal/tools/osint/shadowbroker.go:67.2,69.78 3 109
github.com/ff3300/aleph-v2/internal/tools/osint/shadowbroker.go:87.93,93.2 1 22
github.com/ff3300/aleph-v2/internal/tools/osint/shadowbroker.go:95.40,98.18 3 511
github.com/ff3300/aleph-v2/internal/tools/osint/shadowbroker.go:99.19,100.14 1 503
github.com/ff3300/aleph-v2/internal/tools/osint/shadowbroker.go:101.17,102.58 1 7
github.com/ff3300/aleph-v2/internal/tools/osint/shadowbroker.go:102.58,106.4 3 4
github.com/ff3300/aleph-v2/internal/tools/osint/shadowbroker.go:107.3,107.15 1 3
github.com/ff3300/aleph-v2/internal/tools/osint/shadowbroker.go:108.21,109.14 1 1
github.com/ff3300/aleph-v2/internal/tools/osint/shadowbroker.go:111.2,111.14 1 0
github.com/ff3300/aleph-v2/internal/tools/osint/shadowbroker.go:114.43,118.31 4 503
github.com/ff3300/aleph-v2/internal/tools/osint/shadowbroker.go:118.31,120.3 1 2
github.com/ff3300/aleph-v2/internal/tools/osint/shadowbroker.go:123.43,128.44 5 17
github.com/ff3300/aleph-v2/internal/tools/osint/shadowbroker.go:128.44,130.3 1 7
github.com/ff3300/aleph-v2/internal/tools/osint/shadowbroker.go:133.42,137.2 3 518
github.com/ff3300/aleph-v2/internal/tools/osint/shadowbroker.go:146.53,148.14 2 18
github.com/ff3300/aleph-v2/internal/tools/osint/shadowbroker.go:148.14,150.3 1 9
github.com/ff3300/aleph-v2/internal/tools/osint/shadowbroker.go:151.2,155.3 1 18
github.com/ff3300/aleph-v2/internal/tools/osint/shadowbroker.go:158.39,165.30 6 1210
github.com/ff3300/aleph-v2/internal/tools/osint/shadowbroker.go:165.30,167.3 1 8
github.com/ff3300/aleph-v2/internal/tools/osint/shadowbroker.go:168.2,170.20 2 1210
github.com/ff3300/aleph-v2/internal/tools/osint/shadowbroker.go:170.20,173.3 2 1205
github.com/ff3300/aleph-v2/internal/tools/osint/shadowbroker.go:174.2,174.14 1 5
github.com/ff3300/aleph-v2/internal/tools/osint/shadowbroker.go:185.63,186.25 1 10
github.com/ff3300/aleph-v2/internal/tools/osint/shadowbroker.go:186.25,188.3 1 9
github.com/ff3300/aleph-v2/internal/tools/osint/shadowbroker.go:189.2,190.16 2 10
github.com/ff3300/aleph-v2/internal/tools/osint/shadowbroker.go:190.16,192.3 1 0
github.com/ff3300/aleph-v2/internal/tools/osint/shadowbroker.go:193.2,199.3 1 10
github.com/ff3300/aleph-v2/internal/tools/osint/shadowbroker.go:202.128,204.16 2 0
github.com/ff3300/aleph-v2/internal/tools/osint/shadowbroker.go:204.16,206.3 1 0
github.com/ff3300/aleph-v2/internal/tools/osint/shadowbroker.go:207.2,208.27 2 0
github.com/ff3300/aleph-v2/internal/tools/osint/shadowbroker.go:208.27,210.3 1 0
github.com/ff3300/aleph-v2/internal/tools/osint/shadowbroker.go:211.2,211.16 1 0
github.com/ff3300/aleph-v2/internal/tools/osint/shadowbroker.go:211.16,213.3 1 0
github.com/ff3300/aleph-v2/internal/tools/osint/shadowbroker.go:215.2,215.49 1 0
github.com/ff3300/aleph-v2/internal/tools/osint/shadowbroker.go:215.49,217.3 1 0
github.com/ff3300/aleph-v2/internal/tools/osint/shadowbroker.go:219.2,219.31 1 0
github.com/ff3300/aleph-v2/internal/tools/osint/shadowbroker.go:219.31,221.3 1 0
github.com/ff3300/aleph-v2/internal/tools/osint/shadowbroker.go:223.2,223.30 1 0
github.com/ff3300/aleph-v2/internal/tools/osint/shadowbroker.go:223.30,225.3 1 0
github.com/ff3300/aleph-v2/internal/tools/osint/shadowbroker.go:227.2,228.45 2 0
github.com/ff3300/aleph-v2/internal/tools/osint/shadowbroker.go:228.45,229.51 1 0
github.com/ff3300/aleph-v2/internal/tools/osint/shadowbroker.go:229.51,231.4 1 0
github.com/ff3300/aleph-v2/internal/tools/osint/shadowbroker.go:234.2,235.16 2 0
github.com/ff3300/aleph-v2/internal/tools/osint/shadowbroker.go:235.16,238.3 2 0
github.com/ff3300/aleph-v2/internal/tools/osint/shadowbroker.go:239.2,239.27 1 0
github.com/ff3300/aleph-v2/internal/tools/osint/shadowbroker.go:239.27,241.3 1 0
github.com/ff3300/aleph-v2/internal/tools/osint/shadowbroker.go:243.2,244.16 2 0
github.com/ff3300/aleph-v2/internal/tools/osint/shadowbroker.go:244.16,247.3 2 0
github.com/ff3300/aleph-v2/internal/tools/osint/shadowbroker.go:248.2,250.55 2 0
github.com/ff3300/aleph-v2/internal/tools/osint/shadowbroker.go:250.55,253.3 2 0
github.com/ff3300/aleph-v2/internal/tools/osint/shadowbroker.go:254.2,254.46 1 0
github.com/ff3300/aleph-v2/internal/tools/osint/shadowbroker.go:254.46,256.3 1 0
github.com/ff3300/aleph-v2/internal/tools/osint/shadowbroker.go:258.2,259.16 2 0
github.com/ff3300/aleph-v2/internal/tools/osint/shadowbroker.go:259.16,262.3 2 0
github.com/ff3300/aleph-v2/internal/tools/osint/shadowbroker.go:264.2,265.54 2 0
github.com/ff3300/aleph-v2/internal/tools/osint/shadowbroker.go:265.54,267.3 1 0
github.com/ff3300/aleph-v2/internal/tools/osint/shadowbroker.go:269.2,271.20 3 0
github.com/ff3300/aleph-v2/internal/tools/osint/shadowbroker.go:274.40,276.2 1 3
github.com/ff3300/aleph-v2/internal/tools/osint/tool_intel.go:46.32,71.2 1 2
github.com/ff3300/aleph-v2/internal/tools/osint/tool_intel.go:73.51,74.32 1 20
github.com/ff3300/aleph-v2/internal/tools/osint/tool_intel.go:74.32,77.3 1 27
github.com/ff3300/aleph-v2/internal/tools/osint/tool_intel.go:80.61,81.32 1 32
github.com/ff3300/aleph-v2/internal/tools/osint/tool_intel.go:81.32,83.3 1 45
github.com/ff3300/aleph-v2/internal/tools/osint/tool_intel.go:86.59,90.29 4 9
github.com/ff3300/aleph-v2/internal/tools/osint/tool_intel.go:90.29,92.45 2 34
github.com/ff3300/aleph-v2/internal/tools/osint/tool_intel.go:92.45,94.12 2 3
github.com/ff3300/aleph-v2/internal/tools/osint/tool_intel.go:96.3,96.15 1 31
github.com/ff3300/aleph-v2/internal/tools/osint/tool_intel.go:96.15,97.39 1 11
github.com/ff3300/aleph-v2/internal/tools/osint/tool_intel.go:97.39,98.10 1 3
github.com/ff3300/aleph-v2/internal/tools/osint/tool_intel.go:100.4,101.58 2 8
github.com/ff3300/aleph-v2/internal/tools/osint/tool_intel.go:101.58,103.5 1 7
github.com/ff3300/aleph-v2/internal/tools/osint/tool_intel.go:105.3,105.87 1 28
github.com/ff3300/aleph-v2/internal/tools/osint/tool_intel.go:105.87,107.28 2 5
github.com/ff3300/aleph-v2/internal/tools/osint/tool_intel.go:107.28,108.65 1 10
github.com/ff3300/aleph-v2/internal/tools/osint/tool_intel.go:108.65,110.6 1 5
github.com/ff3300/aleph-v2/internal/tools/osint/tool_intel.go:114.2,114.16 1 9
github.com/ff3300/aleph-v2/internal/tools/osint/tool_intel.go:118.71,119.16 1 4
github.com/ff3300/aleph-v2/internal/tools/osint/tool_intel.go:119.16,121.3 1 1
github.com/ff3300/aleph-v2/internal/tools/osint/tool_intel.go:123.2,130.38 7 3
github.com/ff3300/aleph-v2/internal/tools/osint/tool_intel.go:130.38,131.28 1 60
github.com/ff3300/aleph-v2/internal/tools/osint/tool_intel.go:131.28,132.12 1 54
github.com/ff3300/aleph-v2/internal/tools/osint/tool_intel.go:135.3,138.27 3 6
github.com/ff3300/aleph-v2/internal/tools/osint/tool_intel.go:139.21,143.22 3 2
github.com/ff3300/aleph-v2/internal/tools/osint/tool_intel.go:144.17,148.22 3 3
github.com/ff3300/aleph-v2/internal/tools/osint/tool_intel.go:149.19,150.96 1 0
github.com/ff3300/aleph-v2/internal/tools/osint/tool_intel.go:151.16,152.26 1 1
github.com/ff3300/aleph-v2/internal/tools/osint/tool_intel.go:152.26,154.5 1 0
github.com/ff3300/aleph-v2/internal/tools/osint/tool_intel.go:159.2,159.19 1 3
github.com/ff3300/aleph-v2/internal/tools/osint/tool_intel.go:159.19,161.3 1 1
github.com/ff3300/aleph-v2/internal/tools/osint/tool_intel.go:162.2,162.21 1 3
github.com/ff3300/aleph-v2/internal/tools/osint/tool_intel.go:162.21,164.3 1 1
github.com/ff3300/aleph-v2/internal/tools/osint/tool_intel.go:166.2,167.9 2 3
github.com/ff3300/aleph-v2/internal/tools/osint/tool_intel.go:168.23,169.27 1 1
github.com/ff3300/aleph-v2/internal/tools/osint/tool_intel.go:170.23,171.23 1 0
github.com/ff3300/aleph-v2/internal/tools/osint/tool_intel.go:172.23,173.25 1 1
github.com/ff3300/aleph-v2/internal/tools/osint/tool_intel.go:176.2,176.35 1 3
github.com/ff3300/aleph-v2/internal/tools/osint/tool_intel.go:176.35,178.3 1 0
github.com/ff3300/aleph-v2/internal/tools/osint/tool_intel.go:180.2,181.22 2 3
github.com/ff3300/aleph-v2/internal/tools/osint/tool_intel.go:181.22,184.3 2 2
github.com/ff3300/aleph-v2/internal/tools/osint/tool_intel.go:186.2,196.8 1 3
github.com/ff3300/aleph-v2/internal/tools/osint/tool_intel.go:199.43,202.29 3 13
github.com/ff3300/aleph-v2/internal/tools/osint/tool_intel.go:202.29,203.18 1 27
github.com/ff3300/aleph-v2/internal/tools/osint/tool_intel.go:203.18,206.4 2 23
github.com/ff3300/aleph-v2/internal/tools/osint/tool_intel.go:208.2,208.15 1 13
github.com/ff3300/aleph-v2/internal/tools/osint/tool_intel.go:223.112,224.20 1 4
github.com/ff3300/aleph-v2/internal/tools/osint/tool_intel.go:224.20,226.3 1 1
github.com/ff3300/aleph-v2/internal/tools/osint/tool_intel.go:229.2,230.45 2 3
github.com/ff3300/aleph-v2/internal/tools/osint/tool_intel.go:230.45,231.54 1 1
github.com/ff3300/aleph-v2/internal/tools/osint/tool_intel.go:231.54,233.4 1 1
github.com/ff3300/aleph-v2/internal/tools/osint/tool_intel.go:237.2,242.28 5 2
github.com/ff3300/aleph-v2/internal/tools/osint/tool_intel.go:242.28,245.17 3 0
github.com/ff3300/aleph-v2/internal/tools/osint/tool_intel.go:245.17,247.54 2 0
github.com/ff3300/aleph-v2/internal/tools/osint/tool_intel.go:247.54,249.5 1 0
github.com/ff3300/aleph-v2/internal/tools/osint/tool_intel.go:250.4,250.54 1 0
github.com/ff3300/aleph-v2/internal/tools/osint/tool_intel.go:250.54,252.5 1 0
github.com/ff3300/aleph-v2/internal/tools/osint/tool_intel.go:253.4,253.60 1 0
github.com/ff3300/aleph-v2/internal/tools/osint/tool_intel.go:253.60,255.5 1 0
github.com/ff3300/aleph-v2/internal/tools/osint/tool_intel.go:260.2,260.20 1 2
github.com/ff3300/aleph-v2/internal/tools/osint/tool_intel.go:260.20,264.3 3 0
github.com/ff3300/aleph-v2/internal/tools/osint/tool_intel.go:266.2,267.9 2 2
github.com/ff3300/aleph-v2/internal/tools/osint/tool_intel.go:268.23,269.25 1 0
github.com/ff3300/aleph-v2/internal/tools/osint/tool_intel.go:270.23,271.21 1 0
github.com/ff3300/aleph-v2/internal/tools/osint/tool_intel.go:272.23,273.23 1 0
github.com/ff3300/aleph-v2/internal/tools/osint/tool_intel.go:276.2,286.21 3 2
