mode: atomic
github.com/ff3300/aleph-v2/internal/storage/context.go:21.63,22.50 1 20
github.com/ff3300/aleph-v2/internal/storage/context.go:22.50,24.3 1 4
github.com/ff3300/aleph-v2/internal/storage/context.go:25.2,25.44 1 16
github.com/ff3300/aleph-v2/internal/storage/context.go:29.58,31.16 2 15
github.com/ff3300/aleph-v2/internal/storage/context.go:31.16,32.13 1 1
github.com/ff3300/aleph-v2/internal/storage/context.go:34.2,34.11 1 14
github.com/ff3300/aleph-v2/internal/storage/context.go:37.42,37.62 1 4
github.com/ff3300/aleph-v2/internal/storage/context.go:39.42,39.89 1 7
github.com/ff3300/aleph-v2/internal/storage/context.go:41.43,41.82 1 2
github.com/ff3300/aleph-v2/internal/storage/context.go:50.80,52.2 1 8
github.com/ff3300/aleph-v2/internal/storage/context.go:55.60,58.2 2 41
github.com/ff3300/aleph-v2/internal/storage/context.go:64.48,65.26 1 1074
github.com/ff3300/aleph-v2/internal/storage/context.go:65.26,67.3 1 4
github.com/ff3300/aleph-v2/internal/storage/context.go:68.2,68.44 1 1070
github.com/ff3300/aleph-v2/internal/storage/context.go:68.44,70.3 1 31
github.com/ff3300/aleph-v2/internal/storage/context.go:71.2,71.12 1 1039
github.com/ff3300/aleph-v2/internal/storage/context.go:77.83,81.16 4 4
github.com/ff3300/aleph-v2/internal/storage/context.go:81.16,83.3 1 0
github.com/ff3300/aleph-v2/internal/storage/context.go:84.2,84.12 1 4
github.com/ff3300/aleph-v2/internal/storage/context.go:90.81,94.16 4 2
github.com/ff3300/aleph-v2/internal/storage/context.go:94.16,96.3 1 0
github.com/ff3300/aleph-v2/internal/storage/context.go:97.2,97.12 1 2
github.com/ff3300/aleph-v2/internal/storage/context.go:104.59,106.25 2 19
github.com/ff3300/aleph-v2/internal/storage/context.go:106.25,108.3 1 9
github.com/ff3300/aleph-v2/internal/storage/context.go:109.2,109.50 1 10
github.com/ff3300/aleph-v2/internal/storage/context.go:109.50,111.3 1 1
github.com/ff3300/aleph-v2/internal/storage/context.go:112.2,112.85 1 9
github.com/ff3300/aleph-v2/internal/storage/duckdb.go:39.48,40.18 1 50
github.com/ff3300/aleph-v2/internal/storage/duckdb.go:40.18,42.3 1 1
github.com/ff3300/aleph-v2/internal/storage/duckdb.go:43.2,44.16 2 50
github.com/ff3300/aleph-v2/internal/storage/duckdb.go:44.16,46.3 1 1
github.com/ff3300/aleph-v2/internal/storage/duckdb.go:49.2,50.51 2 49
github.com/ff3300/aleph-v2/internal/storage/duckdb.go:50.51,53.3 2 0
github.com/ff3300/aleph-v2/internal/storage/duckdb.go:53.8,53.55 1 49
github.com/ff3300/aleph-v2/internal/storage/duckdb.go:53.55,56.3 2 0
github.com/ff3300/aleph-v2/internal/storage/duckdb.go:61.2,61.26 1 49
github.com/ff3300/aleph-v2/internal/storage/duckdb.go:61.26,64.3 2 46
github.com/ff3300/aleph-v2/internal/storage/duckdb.go:64.8,69.3 4 3
github.com/ff3300/aleph-v2/internal/storage/duckdb.go:71.2,76.8 1 49
github.com/ff3300/aleph-v2/internal/storage/duckdb.go:79.59,80.14 1 5
github.com/ff3300/aleph-v2/internal/storage/duckdb.go:80.14,82.3 1 2
github.com/ff3300/aleph-v2/internal/storage/duckdb.go:83.2,83.28 1 5
github.com/ff3300/aleph-v2/internal/storage/duckdb.go:87.75,88.32 1 58
github.com/ff3300/aleph-v2/internal/storage/duckdb.go:88.32,90.3 1 57
github.com/ff3300/aleph-v2/internal/storage/duckdb.go:92.2,93.29 2 1
github.com/ff3300/aleph-v2/internal/storage/duckdb.go:93.29,95.3 1 0
github.com/ff3300/aleph-v2/internal/storage/duckdb.go:96.2,101.3 1 1
github.com/ff3300/aleph-v2/internal/storage/duckdb.go:106.78,111.2 4 7
github.com/ff3300/aleph-v2/internal/storage/duckdb.go:115.106,120.2 4 2
github.com/ff3300/aleph-v2/internal/storage/duckdb.go:124.99,131.2 6 27
github.com/ff3300/aleph-v2/internal/storage/duckdb.go:134.106,141.2 6 6
github.com/ff3300/aleph-v2/internal/storage/duckdb.go:143.29,145.2 0 1
github.com/ff3300/aleph-v2/internal/storage/duckdb.go:148.32,149.17 1 50
github.com/ff3300/aleph-v2/internal/storage/duckdb.go:149.17,150.38 1 50
github.com/ff3300/aleph-v2/internal/storage/duckdb.go:150.38,152.4 1 0
github.com/ff3300/aleph-v2/internal/storage/duckdb.go:154.2,154.12 1 50
github.com/ff3300/aleph-v2/internal/storage/duckdb.go:159.99,164.2 4 1
github.com/ff3300/aleph-v2/internal/storage/duckdb.go:168.115,169.34 1 8
github.com/ff3300/aleph-v2/internal/storage/duckdb.go:169.34,171.3 1 1
github.com/ff3300/aleph-v2/internal/storage/duckdb.go:172.2,175.17 4 7
github.com/ff3300/aleph-v2/internal/storage/duckdb.go:179.71,184.2 4 6
github.com/ff3300/aleph-v2/internal/storage/duckdb.go:187.31,189.2 1 1
github.com/ff3300/aleph-v2/internal/storage/duckdb.go:214.60,218.16 3 8
github.com/ff3300/aleph-v2/internal/storage/duckdb.go:218.16,221.3 2 0
github.com/ff3300/aleph-v2/internal/storage/duckdb.go:223.2,226.18 2 8
github.com/ff3300/aleph-v2/internal/storage/duckdb.go:226.18,227.115 1 0
github.com/ff3300/aleph-v2/internal/storage/duckdb.go:227.115,231.4 3 0
github.com/ff3300/aleph-v2/internal/storage/duckdb.go:234.2,239.8 1 8
github.com/ff3300/aleph-v2/internal/storage/duckdb.go:249.64,251.16 2 12
github.com/ff3300/aleph-v2/internal/storage/duckdb.go:251.16,253.3 1 0
github.com/ff3300/aleph-v2/internal/storage/duckdb.go:255.2,258.18 2 12
github.com/ff3300/aleph-v2/internal/storage/duckdb.go:258.18,259.115 1 0
github.com/ff3300/aleph-v2/internal/storage/duckdb.go:259.115,262.4 2 0
github.com/ff3300/aleph-v2/internal/storage/duckdb.go:265.2,270.8 1 12
github.com/ff3300/aleph-v2/internal/storage/duckdb.go:274.43,275.16 1 10
github.com/ff3300/aleph-v2/internal/storage/duckdb.go:275.16,277.3 1 1
github.com/ff3300/aleph-v2/internal/storage/duckdb.go:278.2,281.50 2 9
github.com/ff3300/aleph-v2/internal/storage/duckdb.go:286.100,290.35 3 2
github.com/ff3300/aleph-v2/internal/storage/duckdb.go:290.35,292.17 2 2
github.com/ff3300/aleph-v2/internal/storage/duckdb.go:292.17,294.4 1 1
github.com/ff3300/aleph-v2/internal/storage/duckdb.go:295.3,295.52 1 1
github.com/ff3300/aleph-v2/internal/storage/duckdb.go:295.52,297.4 1 1
github.com/ff3300/aleph-v2/internal/storage/duckdb.go:298.3,298.61 1 0
github.com/ff3300/aleph-v2/internal/storage/duckdb.go:300.2,300.69 1 0
github.com/ff3300/aleph-v2/internal/storage/duckdb.go:305.72,309.35 3 2
github.com/ff3300/aleph-v2/internal/storage/duckdb.go:309.35,311.17 2 2
github.com/ff3300/aleph-v2/internal/storage/duckdb.go:311.17,313.4 1 0
github.com/ff3300/aleph-v2/internal/storage/duckdb.go:315.3,316.17 2 2
github.com/ff3300/aleph-v2/internal/storage/duckdb.go:316.17,318.18 2 1
github.com/ff3300/aleph-v2/internal/storage/duckdb.go:318.18,320.5 1 1
github.com/ff3300/aleph-v2/internal/storage/duckdb.go:325.3,327.52 2 1
github.com/ff3300/aleph-v2/internal/storage/duckdb.go:327.52,329.4 1 1
github.com/ff3300/aleph-v2/internal/storage/duckdb.go:331.3,331.61 1 0
github.com/ff3300/aleph-v2/internal/storage/duckdb.go:334.2,334.56 1 0
github.com/ff3300/aleph-v2/internal/storage/duckdb.go:339.29,341.12 2 12
github.com/ff3300/aleph-v2/internal/storage/duckdb.go:341.12,344.3 2 1
github.com/ff3300/aleph-v2/internal/storage/duckdb.go:345.2,350.22 4 11
github.com/ff3300/aleph-v2/internal/storage/duckdb.go:350.22,352.3 1 5
github.com/ff3300/aleph-v2/internal/storage/duckdb.go:354.2,354.16 1 11
github.com/ff3300/aleph-v2/internal/storage/duckdb.go:354.16,356.3 1 0
github.com/ff3300/aleph-v2/internal/storage/duckdb.go:357.2,357.12 1 11
github.com/ff3300/aleph-v2/internal/storage/duckdb.go:362.31,364.12 2 17
github.com/ff3300/aleph-v2/internal/storage/duckdb.go:364.12,367.3 2 8
github.com/ff3300/aleph-v2/internal/storage/duckdb.go:368.2,373.22 4 9
github.com/ff3300/aleph-v2/internal/storage/duckdb.go:373.22,375.3 1 3
github.com/ff3300/aleph-v2/internal/storage/duckdb.go:377.2,377.16 1 9
github.com/ff3300/aleph-v2/internal/storage/duckdb.go:377.16,379.3 1 0
github.com/ff3300/aleph-v2/internal/storage/duckdb.go:380.2,380.12 1 9
github.com/ff3300/aleph-v2/internal/storage/duckdb.go:384.74,391.2 6 1
github.com/ff3300/aleph-v2/internal/storage/duckdb.go:394.102,401.2 6 1
github.com/ff3300/aleph-v2/internal/storage/duckdb.go:404.74,411.2 6 11
github.com/ff3300/aleph-v2/internal/storage/duckdb.go:414.102,421.2 6 1
github.com/ff3300/aleph-v2/internal/storage/duckdb.go:424.67,431.2 6 3
github.com/ff3300/aleph-v2/internal/storage/duckdb.go:434.95,441.2 6 1
github.com/ff3300/aleph-v2/internal/storage/duckdb.go:445.111,446.34 1 2
github.com/ff3300/aleph-v2/internal/storage/duckdb.go:446.34,448.3 1 1
github.com/ff3300/aleph-v2/internal/storage/duckdb.go:449.2,454.17 6 1
github.com/ff3300/aleph-v2/internal/storage/duckdb.go:457.90,458.21 1 21
github.com/ff3300/aleph-v2/internal/storage/duckdb.go:458.21,460.3 1 20
github.com/ff3300/aleph-v2/internal/storage/duckdb.go:461.2,465.26 1 1
github.com/ff3300/aleph-v2/internal/storage/duckdb.go:470.41,471.22 1 4
github.com/ff3300/aleph-v2/internal/storage/duckdb.go:471.22,473.3 1 1
github.com/ff3300/aleph-v2/internal/storage/duckdb.go:474.2,474.14 1 3
github.com/ff3300/aleph-v2/internal/storage/duckdb.go:480.55,481.18 1 21
github.com/ff3300/aleph-v2/internal/storage/duckdb.go:481.18,483.3 1 20
github.com/ff3300/aleph-v2/internal/storage/duckdb.go:484.2,484.85 1 1
github.com/ff3300/aleph-v2/internal/storage/duckdb_backup.go:25.69,26.42 1 6
github.com/ff3300/aleph-v2/internal/storage/duckdb_backup.go:26.42,28.3 1 1
github.com/ff3300/aleph-v2/internal/storage/duckdb_backup.go:29.2,30.51 2 5
github.com/ff3300/aleph-v2/internal/storage/duckdb_backup.go:30.51,32.3 1 0
github.com/ff3300/aleph-v2/internal/storage/duckdb_backup.go:37.2,38.16 2 5
github.com/ff3300/aleph-v2/internal/storage/duckdb_backup.go:38.16,40.3 1 0
github.com/ff3300/aleph-v2/internal/storage/duckdb_backup.go:41.2,43.50 2 5
github.com/ff3300/aleph-v2/internal/storage/duckdb_backup.go:43.50,46.3 1 0
github.com/ff3300/aleph-v2/internal/storage/duckdb_backup.go:48.2,48.53 1 5
github.com/ff3300/aleph-v2/internal/storage/duckdb_backup.go:48.53,50.3 1 0
github.com/ff3300/aleph-v2/internal/storage/duckdb_backup.go:52.2,52.20 1 5
github.com/ff3300/aleph-v2/internal/storage/duckdb_backup.go:68.78,69.42 1 0
github.com/ff3300/aleph-v2/internal/storage/duckdb_backup.go:69.42,71.3 1 0
github.com/ff3300/aleph-v2/internal/storage/duckdb_backup.go:73.2,73.54 1 0
github.com/ff3300/aleph-v2/internal/storage/duckdb_backup.go:73.54,75.3 1 0
github.com/ff3300/aleph-v2/internal/storage/duckdb_backup.go:78.2,86.16 5 0
github.com/ff3300/aleph-v2/internal/storage/duckdb_backup.go:86.16,88.3 1 0
github.com/ff3300/aleph-v2/internal/storage/duckdb_backup.go:91.2,91.58 1 0
github.com/ff3300/aleph-v2/internal/storage/duckdb_backup.go:91.58,93.38 2 0
github.com/ff3300/aleph-v2/internal/storage/duckdb_backup.go:93.38,95.4 1 0
github.com/ff3300/aleph-v2/internal/storage/duckdb_backup.go:98.2,99.12 2 0
github.com/ff3300/aleph-v2/internal/storage/duckdb_backup.go:105.35,107.16 2 0
github.com/ff3300/aleph-v2/internal/storage/duckdb_backup.go:107.16,108.25 1 0
github.com/ff3300/aleph-v2/internal/storage/duckdb_backup.go:108.25,110.4 1 0
github.com/ff3300/aleph-v2/internal/storage/duckdb_backup.go:111.3,111.47 1 0
github.com/ff3300/aleph-v2/internal/storage/duckdb_backup.go:113.2,114.17 2 0
github.com/ff3300/aleph-v2/internal/storage/duckdb_backup.go:131.56,133.16 2 0
github.com/ff3300/aleph-v2/internal/storage/duckdb_backup.go:133.16,134.25 1 0
github.com/ff3300/aleph-v2/internal/storage/duckdb_backup.go:134.25,136.4 1 0
github.com/ff3300/aleph-v2/internal/storage/duckdb_backup.go:137.3,137.49 1 0
github.com/ff3300/aleph-v2/internal/storage/duckdb_backup.go:139.2,139.22 1 0
github.com/ff3300/aleph-v2/internal/storage/duckdb_backup.go:139.22,141.3 1 0
github.com/ff3300/aleph-v2/internal/storage/duckdb_backup.go:144.2,145.16 2 0
github.com/ff3300/aleph-v2/internal/storage/duckdb_backup.go:145.16,147.3 1 0
github.com/ff3300/aleph-v2/internal/storage/duckdb_backup.go:148.2,152.53 2 0
github.com/ff3300/aleph-v2/internal/storage/duckdb_backup.go:152.53,155.3 1 0
github.com/ff3300/aleph-v2/internal/storage/duckdb_backup.go:158.2,159.39 2 0
github.com/ff3300/aleph-v2/internal/storage/duckdb_backup.go:159.39,162.3 1 0
github.com/ff3300/aleph-v2/internal/storage/duckdb_backup.go:165.2,166.16 2 0
github.com/ff3300/aleph-v2/internal/storage/duckdb_backup.go:166.16,169.17 2 0
github.com/ff3300/aleph-v2/internal/storage/duckdb_backup.go:169.17,171.4 1 0
github.com/ff3300/aleph-v2/internal/storage/duckdb_backup.go:173.2,175.17 3 0
github.com/ff3300/aleph-v2/internal/storage/duckdb_backup.go:175.17,176.48 1 0
github.com/ff3300/aleph-v2/internal/storage/duckdb_backup.go:176.48,178.4 1 0
github.com/ff3300/aleph-v2/internal/storage/duckdb_backup.go:182.2,184.16 3 0
github.com/ff3300/aleph-v2/internal/storage/duckdb_backup.go:184.16,186.19 2 0
github.com/ff3300/aleph-v2/internal/storage/duckdb_backup.go:186.19,188.4 1 0
github.com/ff3300/aleph-v2/internal/storage/duckdb_backup.go:191.2,192.23 2 0
github.com/ff3300/aleph-v2/internal/storage/duckdb_backup.go:192.23,194.3 1 0
github.com/ff3300/aleph-v2/internal/storage/duckdb_backup.go:196.2,202.12 2 0
github.com/ff3300/aleph-v2/internal/storage/duckdb_backup.go:208.61,210.32 2 0
github.com/ff3300/aleph-v2/internal/storage/duckdb_backup.go:210.32,213.17 3 0
github.com/ff3300/aleph-v2/internal/storage/duckdb_backup.go:213.17,214.26 1 0
github.com/ff3300/aleph-v2/internal/storage/duckdb_backup.go:214.26,216.5 1 0
github.com/ff3300/aleph-v2/internal/storage/duckdb_backup.go:217.4,217.59 1 0
github.com/ff3300/aleph-v2/internal/storage/duckdb_backup.go:219.3,219.23 1 0
github.com/ff3300/aleph-v2/internal/storage/duckdb_backup.go:219.23,222.4 1 0
github.com/ff3300/aleph-v2/internal/storage/duckdb_backup.go:226.2,227.16 2 0
github.com/ff3300/aleph-v2/internal/storage/duckdb_backup.go:227.16,229.3 1 0
github.com/ff3300/aleph-v2/internal/storage/duckdb_backup.go:230.2,231.29 2 0
github.com/ff3300/aleph-v2/internal/storage/duckdb_backup.go:231.29,233.3 1 0
github.com/ff3300/aleph-v2/internal/storage/duckdb_backup.go:235.2,235.12 1 0
github.com/ff3300/aleph-v2/internal/storage/duckdb_backup.go:240.70,242.52 2 0
github.com/ff3300/aleph-v2/internal/storage/duckdb_backup.go:242.52,244.56 2 0
github.com/ff3300/aleph-v2/internal/storage/duckdb_backup.go:244.56,245.12 1 0
github.com/ff3300/aleph-v2/internal/storage/duckdb_backup.go:249.3,250.23 2 0
github.com/ff3300/aleph-v2/internal/storage/duckdb_backup.go:250.23,251.12 1 0
github.com/ff3300/aleph-v2/internal/storage/duckdb_backup.go:253.3,254.21 2 0
github.com/ff3300/aleph-v2/internal/storage/duckdb_backup.go:254.21,255.12 1 0
github.com/ff3300/aleph-v2/internal/storage/duckdb_backup.go:257.3,258.46 2 0
github.com/ff3300/aleph-v2/internal/storage/duckdb_backup.go:258.46,259.12 1 0
github.com/ff3300/aleph-v2/internal/storage/duckdb_backup.go:261.3,262.31 2 0
github.com/ff3300/aleph-v2/internal/storage/duckdb_backup.go:262.31,264.4 1 0
github.com/ff3300/aleph-v2/internal/storage/duckdb_backup.go:265.3,265.54 1 0
github.com/ff3300/aleph-v2/internal/storage/duckdb_backup.go:265.54,267.4 1 0
github.com/ff3300/aleph-v2/internal/storage/duckdb_backup.go:269.2,269.16 1 0
github.com/ff3300/aleph-v2/internal/storage/duckdb_backup.go:301.51,302.42 1 2
github.com/ff3300/aleph-v2/internal/storage/duckdb_backup.go:302.42,304.3 1 1
github.com/ff3300/aleph-v2/internal/storage/duckdb_backup.go:306.2,309.37 3 1
github.com/ff3300/aleph-v2/internal/storage/duckdb_backup.go:309.37,311.3 1 0
github.com/ff3300/aleph-v2/internal/storage/duckdb_backup.go:313.2,313.55 1 1
github.com/ff3300/aleph-v2/internal/storage/duckdb_backup.go:313.55,315.3 1 0
github.com/ff3300/aleph-v2/internal/storage/duckdb_backup.go:317.2,318.16 2 1
github.com/ff3300/aleph-v2/internal/storage/duckdb_backup.go:318.16,320.3 1 0
github.com/ff3300/aleph-v2/internal/storage/duckdb_backup.go:321.2,323.14 2 1
github.com/ff3300/aleph-v2/internal/storage/duckdb_backup.go:323.14,324.51 1 1
github.com/ff3300/aleph-v2/internal/storage/duckdb_backup.go:324.51,327.4 2 0
github.com/ff3300/aleph-v2/internal/storage/duckdb_backup.go:330.2,330.12 1 1
github.com/ff3300/aleph-v2/internal/storage/duckdb_backup.go:339.96,340.42 1 1
github.com/ff3300/aleph-v2/internal/storage/duckdb_backup.go:340.42,343.3 2 0
github.com/ff3300/aleph-v2/internal/storage/duckdb_backup.go:345.2,346.20 2 1
github.com/ff3300/aleph-v2/internal/storage/duckdb_backup.go:346.20,348.3 1 0
github.com/ff3300/aleph-v2/internal/storage/duckdb_backup.go:349.2,349.20 1 1
github.com/ff3300/aleph-v2/internal/storage/duckdb_backup.go:349.20,351.3 1 0
github.com/ff3300/aleph-v2/internal/storage/duckdb_backup.go:353.2,364.6 5 1
github.com/ff3300/aleph-v2/internal/storage/duckdb_backup.go:364.6,365.10 1 4
github.com/ff3300/aleph-v2/internal/storage/duckdb_backup.go:366.21,368.10 2 1
github.com/ff3300/aleph-v2/internal/storage/duckdb_backup.go:369.19,371.16 2 3
github.com/ff3300/aleph-v2/internal/storage/duckdb_backup.go:371.16,373.5 1 3
github.com/ff3300/aleph-v2/internal/storage/duckdb_backup.go:378.74,379.48 1 4
github.com/ff3300/aleph-v2/internal/storage/duckdb_backup.go:379.48,383.3 2 0
github.com/ff3300/aleph-v2/internal/storage/duckdb_backup.go:385.2,388.48 3 4
github.com/ff3300/aleph-v2/internal/storage/duckdb_backup.go:388.48,392.3 2 0
github.com/ff3300/aleph-v2/internal/storage/duckdb_backup.go:393.2,397.47 3 4
github.com/ff3300/aleph-v2/internal/storage/duckdb_backup.go:400.66,402.16 2 4
github.com/ff3300/aleph-v2/internal/storage/duckdb_backup.go:402.16,405.3 2 0
github.com/ff3300/aleph-v2/internal/storage/duckdb_backup.go:407.2,409.28 3 4
github.com/ff3300/aleph-v2/internal/storage/duckdb_backup.go:409.28,411.43 1 11
github.com/ff3300/aleph-v2/internal/storage/duckdb_backup.go:411.43,413.4 1 8
github.com/ff3300/aleph-v2/internal/storage/duckdb_backup.go:416.2,416.26 1 4
github.com/ff3300/aleph-v2/internal/storage/duckdb_backup.go:416.26,418.3 1 3
github.com/ff3300/aleph-v2/internal/storage/duckdb_backup.go:419.2,422.29 3 1
github.com/ff3300/aleph-v2/internal/storage/duckdb_backup.go:422.29,423.38 1 3
github.com/ff3300/aleph-v2/internal/storage/duckdb_backup.go:423.38,425.4 1 0
github.com/ff3300/aleph-v2/internal/storage/duckdb_backup.go:426.3,426.29 1 3
github.com/ff3300/aleph-v2/internal/storage/duckdb_backup.go:428.2,428.74 1 1
github.com/ff3300/aleph-v2/internal/storage/duckdb_backup.go:431.50,433.16 2 6
github.com/ff3300/aleph-v2/internal/storage/duckdb_backup.go:433.16,435.3 1 0
github.com/ff3300/aleph-v2/internal/storage/duckdb_backup.go:436.2,439.16 3 6
github.com/ff3300/aleph-v2/internal/storage/duckdb_backup.go:439.16,441.3 1 0
github.com/ff3300/aleph-v2/internal/storage/duckdb_backup.go:442.2,444.53 2 6
github.com/ff3300/aleph-v2/internal/storage/duckdb_backup.go:444.53,446.3 1 0
github.com/ff3300/aleph-v2/internal/storage/duckdb_backup.go:447.2,447.12 1 6
github.com/ff3300/aleph-v2/internal/storage/postgres.go:15.49,17.16 2 0
github.com/ff3300/aleph-v2/internal/storage/postgres.go:17.16,19.3 1 0
github.com/ff3300/aleph-v2/internal/storage/postgres.go:22.2,26.34 4 0
github.com/ff3300/aleph-v2/internal/storage/postgres.go:26.34,28.3 1 0
github.com/ff3300/aleph-v2/internal/storage/postgres.go:30.2,30.31 1 0
github.com/ff3300/aleph-v2/internal/storage/postgres.go:33.33,35.2 1 0
github.com/ff3300/aleph-v2/internal/storage/postgres.go:37.34,39.2 1 0
